[2024-05-04T19:23:59.908] [INFO] default - Pre-Condition - 01: Open homepage
[2024-05-04T19:24:00.478] [INFO] default - Wait for element is displayed: //header[@class='page-header']//div[contains(@class,'content')]//a[@class='logo']
[2024-05-04T19:24:04.142] [INFO] default - //header[@class='page-header']//div[contains(@class,'content')]//a[@class='logo'] is displayed 
[2024-05-04T19:24:04.143] [INFO] default - Pre-Condition - 02: Create an new account
[2024-05-04T19:24:04.157] [INFO] default - Click on element xpath: //header[@class='page-header']//a[contains(text(),'Create an Account')]
[2024-05-04T19:24:05.820] [INFO] default - Wait for element is displayed: //h1[@class='page-title']//span[text()='Create New Customer Account']
[2024-05-04T19:24:05.882] [INFO] default - //h1[@class='page-title']//span[text()='Create New Customer Account'] is displayed 
[2024-05-04T19:24:05.884] [INFO] default - I input value: Thu into textbox: First Name
[2024-05-04T19:24:05.996] [INFO] default - I input value: Tran into textbox: Last Name
[2024-05-04T19:24:06.068] [INFO] default - I input value: Thutran8976@gmail.com into textbox: Email
[2024-05-04T19:24:06.152] [INFO] default - I input value: Abcd@12345 into textbox: Password
[2024-05-04T19:24:06.257] [INFO] default - I input value: Abcd@12345 into textbox: Confirm Password
[2024-05-04T19:24:06.351] [INFO] default - Click on element xpath: //form[@id='form-validate']//button[contains(@class,'submit')]
[2024-05-04T19:24:11.025] [INFO] default - Wait for element is displayed: //h1[@class='page-title']//span[text()='My Account']
[2024-05-04T19:24:11.043] [INFO] default - //h1[@class='page-title']//span[text()='My Account'] is displayed 
[2024-05-04T19:24:11.044] [INFO] default - Wait for element is displayed: //div[@class='page messages']//div[text()='Thank you for registering with Main Website Store.']
[2024-05-04T19:24:11.059] [INFO] default - //div[@class='page messages']//div[text()='Thank you for registering with Main Website Store.'] is displayed 
[2024-05-04T19:24:11.059] [INFO] default - Pre-Condition - 03: Sign out and back to home page
[2024-05-04T19:24:11.749] [INFO] default - Expected text: Welcome, Thu Tran! Actual text: Welcome, Thu Tran!
[2024-05-04T19:24:11.766] [INFO] default - Click on element xpath: //div[@class='panel header']//span[@class='customer-name']//button[contains(@class,'switch')]
[2024-05-04T19:24:11.812] [INFO] default - Wait for element is displayed: //div[@class='panel header']//div[@class='customer-menu']//ul[@class='header links']
[2024-05-04T19:24:11.834] [INFO] default - //div[@class='panel header']//div[@class='customer-menu']//ul[@class='header links'] is displayed 
[2024-05-04T19:24:11.835] [INFO] default - Wait for element is displayed: //div[@class='panel header']//div[@class='customer-menu']//ul[@class='header links']//a[contains(text(),'Sign Out')]
[2024-05-04T19:24:11.858] [INFO] default - //div[@class='panel header']//div[@class='customer-menu']//ul[@class='header links']//a[contains(text(),'Sign Out')] is displayed 
[2024-05-04T19:24:11.880] [INFO] default - Click on element xpath: //div[@class='panel header']//div[@class='customer-menu']//ul[@class='header links']//a[contains(text(),'Sign Out')]
[2024-05-04T19:24:14.268] [INFO] default - Wait for element is displayed: //h1[@class='page-title']//span[text()='You are signed out']
[2024-05-04T19:24:14.286] [INFO] default - //h1[@class='page-title']//span[text()='You are signed out'] is displayed 
[2024-05-04T19:24:14.288] [INFO] default - Sign In - Step 01: Click on Sign In link
[2024-05-04T19:24:14.296] [INFO] default - Click on element xpath: //header[@class='page-header']//a[contains(text(),'Sign In')]
[2024-05-04T19:24:15.478] [INFO] default - Sign In - Step 02: Verify Customer Login displayed
[2024-05-04T19:24:15.478] [INFO] default - Wait for element is displayed: //h1[@class='page-title']//span[text()='Customer Login']
[2024-05-04T19:24:15.496] [INFO] default - //h1[@class='page-title']//span[text()='Customer Login'] is displayed 
[2024-05-04T19:24:15.497] [INFO] default - Sign In - Step 03: Input value into email textbox
[2024-05-04T19:24:15.497] [INFO] default - I input value: Thutran8976@gmail.com into textbox: Email
[2024-05-04T19:24:15.607] [INFO] default - Sign In - Step 04: Input value into password textbox
[2024-05-04T19:24:15.608] [INFO] default - I input value: Abcd@12345 into textbox: Password
[2024-05-04T19:24:15.692] [INFO] default - Sign In - Step 05: Click on Sign in button
[2024-05-04T19:24:15.701] [INFO] default - Click on element xpath: //form[@id='login-form']//button[contains(@class,'login') and contains(@class,'primary')]
[2024-05-04T19:24:17.730] [INFO] default - Sign In - Step 06: Verify login successfullys
[2024-05-04T19:24:19.303] [INFO] default - Expected text: Welcome, Thu Tran! Actual text: Welcome, Thu Tran!
